Determining if the pthread_create exist failed with the following output:
Change Dir: /home/imperio/warmStart/example_app/build/CMakeFiles/CMakeTmp

Run Build Command:"/usr/bin/make" "cmTC_c265f/fast"
/usr/bin/make -f CMakeFiles/cmTC_c265f.dir/build.make CMakeFiles/cmTC_c265f.dir/build
make[1]: Entering directory '/home/imperio/warmStart/example_app/build/CMakeFiles/CMakeTmp'
Building C object CMakeFiles/cmTC_c265f.dir/CheckSymbolExists.c.o
/usr/bin/cc    -o CMakeFiles/cmTC_c265f.dir/CheckSymbolExists.c.o   -c /home/imperio/warmStart/example_app/build/CMakeFiles/CMakeTmp/CheckSymbolExists.c
Linking C executable cmTC_c265f
/usr/bin/cmake -E cmake_link_script CMakeFiles/cmTC_c265f.dir/link.txt --verbose=1
/usr/bin/cc      -rdynamic CMakeFiles/cmTC_c265f.dir/CheckSymbolExists.c.o  -o cmTC_c265f 
CMakeFiles/cmTC_c265f.dir/CheckSymbolExists.c.o: In function `main':
CheckSymbolExists.c:(.text+0x1b): undefined reference to `pthread_create'
collect2: error: ld returned 1 exit status
CMakeFiles/cmTC_c265f.dir/build.make:86: recipe for target 'cmTC_c265f' failed
make[1]: *** [cmTC_c265f] Error 1
make[1]: Leaving directory '/home/imperio/warmStart/example_app/build/CMakeFiles/CMakeTmp'
Makefile:121: recipe for target 'cmTC_c265f/fast' failed
make: *** [cmTC_c265f/fast] Error 2

File /home/imperio/warmStart/example_app/build/CMakeFiles/CMakeTmp/CheckSymbolExists.c:
/* */
#include <pthread.h>

int main(int argc, char** argv)
{
  (void)argv;
#ifndef pthread_create
  return ((int*)(&pthread_create))[argc];
#else
  (void)argc;
  return 0;
#endif
}

Determining if the function pthread_create exists in the pthreads failed with the following output:
Change Dir: /home/imperio/warmStart/example_app/build/CMakeFiles/CMakeTmp

Run Build Command:"/usr/bin/make" "cmTC_25c14/fast"
/usr/bin/make -f CMakeFiles/cmTC_25c14.dir/build.make CMakeFiles/cmTC_25c14.dir/build
make[1]: Entering directory '/home/imperio/warmStart/example_app/build/CMakeFiles/CMakeTmp'
Building C object CMakeFiles/cmTC_25c14.dir/CheckFunctionExists.c.o
/usr/bin/cc   -DCHECK_FUNCTION_EXISTS=pthread_create   -o CMakeFiles/cmTC_25c14.dir/CheckFunctionExists.c.o   -c /usr/share/cmake-3.13/Modules/CheckFunctionExists.c
Linking C executable cmTC_25c14
/usr/bin/cmake -E cmake_link_script CMakeFiles/cmTC_25c14.dir/link.txt --verbose=1
/usr/bin/cc  -DCHECK_FUNCTION_EXISTS=pthread_create    -rdynamic CMakeFiles/cmTC_25c14.dir/CheckFunctionExists.c.o  -o cmTC_25c14 -lpthreads 
/usr/bin/ld: cannot find -lpthreads
collect2: error: ld returned 1 exit status
CMakeFiles/cmTC_25c14.dir/build.make:86: recipe for target 'cmTC_25c14' failed
make[1]: *** [cmTC_25c14] Error 1
make[1]: Leaving directory '/home/imperio/warmStart/example_app/build/CMakeFiles/CMakeTmp'
Makefile:121: recipe for target 'cmTC_25c14/fast' failed
make: *** [cmTC_25c14/fast] Error 2


